<?xml version="1.0" encoding="UTF-8"?>
<coverage generated="1758225031042" clover="3.2.0">
  <project timestamp="1758225031042" name="All files">
    <metrics statements="32" coveredstatements="31" conditionals="24" coveredconditionals="22" methods="5" coveredmethods="5" elements="61" coveredelements="58" complexity="0" loc="32" ncloc="32" packages="1" files="1" classes="1"/>
    <file name="BugReportForm.jsx" path="/Users/michaelbishop/workspace/bug-reporter/resources/js/Components/BugReportForm.jsx">
      <metrics statements="32" coveredstatements="31" conditionals="24" coveredconditionals="22" methods="5" coveredmethods="5"/>
      <line num="5" count="220" type="stmt"/>
      <line num="10" count="220" type="stmt"/>
      <line num="11" count="220" type="stmt"/>
      <line num="12" count="220" type="stmt"/>
      <line num="14" count="220" type="stmt"/>
      <line num="15" count="196" type="stmt"/>
      <line num="16" count="196" type="stmt"/>
      <line num="21" count="196" type="cond" truecount="2" falsecount="0"/>
      <line num="22" count="1" type="stmt"/>
      <line num="28" count="196" type="cond" truecount="1" falsecount="1"/>
      <line num="29" count="0" type="stmt"/>
      <line num="33" count="220" type="stmt"/>
      <line num="34" count="8" type="stmt"/>
      <line num="35" count="8" type="stmt"/>
      <line num="36" count="8" type="stmt"/>
      <line num="37" count="8" type="stmt"/>
      <line num="39" count="8" type="stmt"/>
      <line num="41" count="8" type="cond" truecount="2" falsecount="0"/>
      <line num="42" count="2" type="stmt"/>
      <line num="45" count="8" type="cond" truecount="2" falsecount="0"/>
      <line num="46" count="2" type="stmt"/>
      <line num="47" count="2" type="stmt"/>
      <line num="48" count="2" type="stmt"/>
      <line num="51" count="6" type="stmt"/>
      <line num="52" count="6" type="stmt"/>
      <line num="59" count="4" type="stmt"/>
      <line num="61" count="4" type="stmt"/>
      <line num="67" count="2" type="cond" truecount="2" falsecount="0"/>
      <line num="68" count="1" type="stmt"/>
      <line num="70" count="1" type="stmt"/>
      <line num="73" count="6" type="stmt"/>
      <line num="77" count="220" type="stmt"/>
    </file>
  </project>
</coverage>
