{"/Users/michaelbishop/workspace/bug-reporter/resources/js/Components/BugReportForm.jsx": {"path":"/Users/michaelbishop/workspace/bug-reporter/resources/js/Components/BugReportForm.jsx","statementMap":{"0":{"start":{"line":5,"column":36},"end":{"line":9,"column":6}},"1":{"start":{"line":10,"column":32},"end":{"line":10,"column":44}},"2":{"start":{"line":11,"column":48},"end":{"line":11,"column":60}},"3":{"start":{"line":12,"column":44},"end":{"line":12,"column":59}},"4":{"start":{"line":14,"column":25},"end":{"line":31,"column":5}},"5":{"start":{"line":15,"column":32},"end":{"line":15,"column":40}},"6":{"start":{"line":16,"column":8},"end":{"line":19,"column":12}},"7":{"start":{"line":16,"column":31},"end":{"line":19,"column":9}},"8":{"start":{"line":21,"column":8},"end":{"line":26,"column":9}},"9":{"start":{"line":22,"column":12},"end":{"line":25,"column":16}},"10":{"start":{"line":22,"column":33},"end":{"line":25,"column":13}},"11":{"start":{"line":28,"column":8},"end":{"line":30,"column":9}},"12":{"start":{"line":29,"column":12},"end":{"line":29,"column":37}},"13":{"start":{"line":33,"column":25},"end":{"line":75,"column":5}},"14":{"start":{"line":34,"column":8},"end":{"line":34,"column":27}},"15":{"start":{"line":35,"column":8},"end":{"line":35,"column":30}},"16":{"start":{"line":36,"column":8},"end":{"line":36,"column":22}},"17":{"start":{"line":37,"column":8},"end":{"line":37,"column":30}},"18":{"start":{"line":39,"column":26},"end":{"line":39,"column":28}},"19":{"start":{"line":41,"column":8},"end":{"line":43,"column":9}},"20":{"start":{"line":42,"column":12},"end":{"line":42,"column":53}},"21":{"start":{"line":45,"column":8},"end":{"line":49,"column":9}},"22":{"start":{"line":46,"column":12},"end":{"line":46,"column":33}},"23":{"start":{"line":47,"column":12},"end":{"line":47,"column":35}},"24":{"start":{"line":48,"column":12},"end":{"line":48,"column":19}},"25":{"start":{"line":51,"column":8},"end":{"line":74,"column":9}},"26":{"start":{"line":52,"column":12},"end":{"line":57,"column":15}},"27":{"start":{"line":59,"column":12},"end":{"line":59,"column":47}},"28":{"start":{"line":61,"column":12},"end":{"line":65,"column":15}},"29":{"start":{"line":67,"column":12},"end":{"line":71,"column":13}},"30":{"start":{"line":68,"column":16},"end":{"line":68,"column":54}},"31":{"start":{"line":70,"column":16},"end":{"line":70,"column":79}},"32":{"start":{"line":73,"column":12},"end":{"line":73,"column":35}},"33":{"start":{"line":77,"column":4},"end":{"line":192,"column":6}}},"fnMap":{"0":{"name":"BugReportForm","decl":{"start":{"line":4,"column":24},"end":{"line":4,"column":37}},"loc":{"start":{"line":4,"column":40},"end":{"line":193,"column":1}},"line":4},"1":{"name":"(anonymous_1)","decl":{"start":{"line":14,"column":25},"end":{"line":14,"column":26}},"loc":{"start":{"line":14,"column":32},"end":{"line":31,"column":5}},"line":14},"2":{"name":"(anonymous_2)","decl":{"start":{"line":16,"column":20},"end":{"line":16,"column":21}},"loc":{"start":{"line":16,"column":31},"end":{"line":19,"column":9}},"line":16},"3":{"name":"(anonymous_3)","decl":{"start":{"line":22,"column":22},"end":{"line":22,"column":23}},"loc":{"start":{"line":22,"column":33},"end":{"line":25,"column":13}},"line":22},"4":{"name":"(anonymous_4)","decl":{"start":{"line":33,"column":25},"end":{"line":33,"column":26}},"loc":{"start":{"line":33,"column":38},"end":{"line":75,"column":5}},"line":33}},"branchMap":{"0":{"loc":{"start":{"line":21,"column":8},"end":{"line":26,"column":9}},"type":"if","locations":[{"start":{"line":21,"column":8},"end":{"line":26,"column":9}},{"start":{},"end":{}}],"line":21},"1":{"loc":{"start":{"line":28,"column":8},"end":{"line":30,"column":9}},"type":"if","locations":[{"start":{"line":28,"column":8},"end":{"line":30,"column":9}},{"start":{},"end":{}}],"line":28},"2":{"loc":{"start":{"line":41,"column":8},"end":{"line":43,"column":9}},"type":"if","locations":[{"start":{"line":41,"column":8},"end":{"line":43,"column":9}},{"start":{},"end":{}}],"line":41},"3":{"loc":{"start":{"line":45,"column":8},"end":{"line":49,"column":9}},"type":"if","locations":[{"start":{"line":45,"column":8},"end":{"line":49,"column":9}},{"start":{},"end":{}}],"line":45},"4":{"loc":{"start":{"line":67,"column":12},"end":{"line":71,"column":13}},"type":"if","locations":[{"start":{"line":67,"column":12},"end":{"line":71,"column":13}},{"start":{"line":69,"column":19},"end":{"line":71,"column":13}}],"line":67},"5":{"loc":{"start":{"line":83,"column":13},"end":{"line":90,"column":13}},"type":"binary-expr","locations":[{"start":{"line":83,"column":13},"end":{"line":83,"column":27}},{"start":{"line":84,"column":16},"end":{"line":89,"column":22}}],"line":83},"6":{"loc":{"start":{"line":92,"column":13},"end":{"line":99,"column":13}},"type":"binary-expr","locations":[{"start":{"line":92,"column":13},"end":{"line":92,"column":27}},{"start":{"line":93,"column":16},"end":{"line":98,"column":22}}],"line":92},"7":{"loc":{"start":{"line":116,"column":28},"end":{"line":116,"column":79}},"type":"cond-expr","locations":[{"start":{"line":116,"column":43},"end":{"line":116,"column":59}},{"start":{"line":116,"column":62},"end":{"line":116,"column":79}}],"line":116},"8":{"loc":{"start":{"line":120,"column":21},"end":{"line":127,"column":21}},"type":"binary-expr","locations":[{"start":{"line":120,"column":21},"end":{"line":120,"column":33}},{"start":{"line":121,"column":24},"end":{"line":126,"column":28}}],"line":120},"9":{"loc":{"start":{"line":168,"column":21},"end":{"line":175,"column":21}},"type":"binary-expr","locations":[{"start":{"line":168,"column":21},"end":{"line":168,"column":36}},{"start":{"line":169,"column":24},"end":{"line":174,"column":28}}],"line":168},"10":{"loc":{"start":{"line":182,"column":24},"end":{"line":184,"column":113}},"type":"cond-expr","locations":[{"start":{"line":183,"column":30},"end":{"line":183,"column":62}},{"start":{"line":184,"column":30},"end":{"line":184,"column":113}}],"line":182},"11":{"loc":{"start":{"line":188,"column":21},"end":{"line":188,"column":66}},"type":"cond-expr","locations":[{"start":{"line":188,"column":36},"end":{"line":188,"column":51}},{"start":{"line":188,"column":54},"end":{"line":188,"column":66}}],"line":188}},"s":{"0":220,"1":220,"2":220,"3":220,"4":220,"5":196,"6":196,"7":196,"8":196,"9":1,"10":1,"11":196,"12":0,"13":220,"14":8,"15":8,"16":8,"17":8,"18":8,"19":8,"20":2,"21":8,"22":2,"23":2,"24":2,"25":6,"26":6,"27":4,"28":4,"29":2,"30":1,"31":1,"32":6,"33":220},"f":{"0":220,"1":196,"2":196,"3":1,"4":8},"b":{"0":[1,195],"1":[0,196],"2":[2,6],"3":[2,6],"4":[1,1],"5":[220,4],"6":[220,1],"7":[3,217],"8":[220,3],"9":[220,0],"10":[6,214],"11":[6,214]},"_coverageSchema":"1a1c01bbd47fc00a2c39e90264f33305004495a9","hash":"1cffb9b4d7989a069ba341c84646e54c007c2a03"}
}
