TN:
SF:resources/js/Components/BugReportForm.jsx
FN:4,BugReportForm
FN:14,(anonymous_1)
FN:16,(anonymous_2)
FN:22,(anonymous_3)
FN:33,(anonymous_4)
FNF:5
FNH:5
FNDA:220,BugReportForm
FNDA:196,(anonymous_1)
FNDA:196,(anonymous_2)
FNDA:1,(anonymous_3)
FNDA:8,(anonymous_4)
DA:5,220
DA:10,220
DA:11,220
DA:12,220
DA:14,220
DA:15,196
DA:16,196
DA:21,196
DA:22,1
DA:28,196
DA:29,0
DA:33,220
DA:34,8
DA:35,8
DA:36,8
DA:37,8
DA:39,8
DA:41,8
DA:42,2
DA:45,8
DA:46,2
DA:47,2
DA:48,2
DA:51,6
DA:52,6
DA:59,4
DA:61,4
DA:67,2
DA:68,1
DA:70,1
DA:73,6
DA:77,220
LF:32
LH:31
BRDA:21,0,0,1
BRDA:21,0,1,195
BRDA:28,1,0,0
BRDA:28,1,1,196
BRDA:41,2,0,2
BRDA:41,2,1,6
BRDA:45,3,0,2
BRDA:45,3,1,6
BRDA:67,4,0,1
BRDA:67,4,1,1
BRDA:83,5,0,220
BRDA:83,5,1,4
BRDA:92,6,0,220
BRDA:92,6,1,1
BRDA:116,7,0,3
BRDA:116,7,1,217
BRDA:120,8,0,220
BRDA:120,8,1,3
BRDA:168,9,0,220
BRDA:168,9,1,0
BRDA:182,10,0,6
BRDA:182,10,1,214
BRDA:188,11,0,6
BRDA:188,11,1,214
BRF:24
BRH:22
end_of_record
